{
  "RSpec": {
    "coverage": {
      "/Users/johnfigueiredo/rails_projects/sample_app_rspec/app/controllers/application_controller.rb": [
        1,
        1,
        null
      ],
      "/Users/johnfigueiredo/rails_projects/sample_app_rspec/app/helpers/application_helper.rb": [
        1,
        null,
        null,
        1,
        11,
        11,
        3,
        null,
        8,
        null,
        null,
        null
      ],
      "/Users/johnfigueiredo/rails_projects/sample_app_rspec/app/helpers/static_pages_helper.rb": [
        1,
        null
      ],
      "/Users/johnfigueiredo/rails_projects/sample_app_rspec/app/helpers/users_helper.rb": [
        1,
        null
      ],
      "/Users/johnfigueiredo/rails_projects/sample_app_rspec/app/controllers/static_pages_controller.rb": [
        1,
        1,
        null,
        null,
        1,
        null,
        null,
        1,
        null,
        null,
        1,
        null,
        null
      ],
      "/Users/johnfigueiredo/rails_projects/sample_app_rspec/app/controllers/users_controller.rb": [
        1,
        1,
        null,
        null
      ],
      "/Users/johnfigueiredo/rails_projects/sample_app_rspec/app/models/user.rb": [
        null,
        null,
        null,
        null,
        null,
        null,
        null,
        null,
        null,
        null,
        null,
        1,
        1,
        1,
        null,
        5,
        null,
        1,
        1,
        1,
        null,
        null,
        1,
        1,
        null,
        null
      ]
    },
    "timestamp": 1362115726
  }
}
