{
  "RSpec": {
    "coverage": {
      "/Users/johnfigueiredo/rails_projects/sample_app_rspec/app/controllers/application_controller.rb": [
        1,
        1,
        null
      ],
      "/Users/johnfigueiredo/rails_projects/sample_app_rspec/app/helpers/application_helper.rb": [
        1,
        null
      ],
      "/Users/johnfigueiredo/rails_projects/sample_app_rspec/app/helpers/static_pages_helper.rb": [
        1,
        null
      ],
      "/Users/johnfigueiredo/rails_projects/sample_app_rspec/app/controllers/static_pages_controller.rb": [
        1,
        1,
        null,
        null,
        1,
        null,
        null
      ]
    },
    "timestamp": 1361813601
  }
}
